[08-Feb-2021 10:31:27 America/Mexico_City] PHP Fatal error:  Maximum execution time of 7200 seconds exceeded in D:\httpd\htdocs\erp-hi\app\Services\SEGURIDAD_ERP\Contabilidad\CFDSATService.php on line 444
[08-Feb-2021 10:42:08 America/Mexico_City] PHP Fatal error:  Maximum execution time of 7200 seconds exceeded in D:\httpd\htdocs\erp-hi\app\Services\SEGURIDAD_ERP\Contabilidad\CFDSATService.php on line 444
[08-Feb-2021 12:19:45 America/Mexico_City] PHP Fatal error:  Maximum execution time of 7200 seconds exceeded in D:\httpd\htdocs\erp-hi\app\Services\SEGURIDAD_ERP\Contabilidad\CFDSATService.php on line 442
[05-Mar-2021 13:00:14 America/Mexico_City] PHP Fatal error:  Out of memory (allocated 6291456) (tried to allocate 32768 bytes) in D:\httpd\htdocs\erp-hi\app\Models\SEGURIDAD_ERP\Contabilidad\SolicitudEdicion.php on line 526
[05-Mar-2021 13:00:14 America/Mexico_City] PHP Fatal error:  Out of memory (allocated 6291456) (tried to allocate 32768 bytes) in D:\httpd\htdocs\erp-hi\app\Models\SEGURIDAD_ERP\Contabilidad\SolicitudEdicion.php on line 526
[05-Mar-2021 13:00:14 America/Mexico_City] PHP Fatal error:  Out of memory (allocated 6291456) (tried to allocate 32768 bytes) in D:\httpd\htdocs\erp-hi\app\Models\SEGURIDAD_ERP\Contabilidad\SolicitudEdicion.php on line 526
[05-Mar-2021 13:00:14 America/Mexico_City] PHP Fatal error:  Out of memory (allocated 6291456) (tried to allocate 32768 bytes) in D:\httpd\htdocs\erp-hi\app\Models\SEGURIDAD_ERP\Contabilidad\SolicitudEdicion.php on line 526
[05-Mar-2021 13:00:14 America/Mexico_City] PHP Fatal error:  Out of memory (allocated 6291456) (tried to allocate 32768 bytes) in D:\httpd\htdocs\erp-hi\app\Models\SEGURIDAD_ERP\Contabilidad\SolicitudEdicion.php on line 297
[05-Mar-2021 13:00:14 America/Mexico_City] PHP Fatal error:  Out of memory (allocated 6291456) (tried to allocate 32768 bytes) in D:\httpd\htdocs\erp-hi\app\Models\SEGURIDAD_ERP\Contabilidad\SolicitudEdicion.php on line 526
[05-Mar-2021 13:00:16 America/Mexico_City] PHP Fatal error:  Out of memory (allocated 8388608) (tried to allocate 32768 bytes) in D:\httpd\htdocs\erp-hi\routes\api.php on line 943
[05-Mar-2021 13:00:16 America/Mexico_City] PHP Fatal error:  Out of memory (allocated 8388608) (tried to allocate 32768 bytes) in D:\httpd\htdocs\erp-hi\routes\api.php on line 943
[05-Mar-2021 13:00:16 America/Mexico_City] PHP Fatal error:  Out of memory (allocated 8388608) (tried to allocate 32768 bytes) in D:\httpd\htdocs\erp-hi\routes\api.php on line 943
[05-Mar-2021 13:00:16 America/Mexico_City] PHP Fatal error:  Out of memory (allocated 25165824) (tried to allocate 65536 bytes) in D:\httpd\htdocs\erp-hi\vendor\monolog\monolog\src\Monolog\Logger.php on line 157
[05-Mar-2021 13:00:22 America/Mexico_City] PHP Fatal error:  Out of memory (allocated 6291456) (tried to allocate 8192 bytes) in D:\httpd\htdocs\erp-hi\vendor\laravel\framework\src\Illuminate\Database\Eloquent\Concerns\HasAttributes.php on line 1166
[05-Mar-2021 13:00:33 America/Mexico_City] PHP Fatal error:  Out of memory (allocated 25165824) (tried to allocate 65536 bytes) in D:\httpd\htdocs\erp-hi\vendor\monolog\monolog\src\Monolog\Logger.php on line 28
[05-Mar-2021 13:01:15 America/Mexico_City] PHP Fatal error:  Out of memory (allocated 4194304) (tried to allocate 32768 bytes) in D:\httpd\htdocs\erp-hi\vendor\laravel\framework\src\Illuminate\Routing\Middleware\SubstituteBindings.php on line 1
[05-Mar-2021 13:01:15 America/Mexico_City] PHP Fatal error:  No ODBC error was found in D:\httpd\htdocs\erp-hi\vendor\laravel\framework\src\Illuminate\Database\Connectors\Connector.php on line 70
[05-Mar-2021 13:01:15 America/Mexico_City] PHP Fatal error:  Out of memory (allocated 6291456) (tried to allocate 65536 bytes) in D:\httpd\htdocs\erp-hi\vendor\dingo\api\src\Event\ResponseIsMorphing.php on line 32
[05-Mar-2021 13:01:16 America/Mexico_City] PHP Fatal error:  Out of memory (allocated 14680064) (tried to allocate 65536 bytes) in D:\httpd\htdocs\erp-hi\vendor\monolog\monolog\src\Monolog\Logger.php on line 223
[05-Mar-2021 13:01:22 America/Mexico_City] PHP Fatal error:  Out of memory (allocated 2097152) (tried to allocate 65536 bytes) in D:\httpd\htdocs\erp-hi\vendor\psr\http-message\src\StreamInterface.php on line 134
[05-Mar-2021 13:02:17 America/Mexico_City] PHP Fatal error:  Out of memory (allocated 2097152) (tried to allocate 20480 bytes) in D:\httpd\htdocs\erp-hi\vendor\lcobucci\jwt\src\Signer\OpenSSL.php on line 14
[05-Mar-2021 13:02:18 America/Mexico_City] PHP Fatal error:  Out of memory (allocated 2097152) (tried to allocate 65536 bytes) in D:\httpd\htdocs\erp-hi\vendor\laravel\framework\src\Illuminate\Database\Query\Grammars\MySqlGrammar.php on line 199
[05-Mar-2021 13:02:18 America/Mexico_City] PHP Fatal error:  Out of memory (allocated 8388608) (tried to allocate 32768 bytes) in D:\httpd\htdocs\erp-hi\vendor\laravel\framework\src\Illuminate\Routing\Middleware\SubstituteBindings.php on line 1
[05-Mar-2021 13:02:24 America/Mexico_City] PHP Fatal error:  Out of memory (allocated 2097152) (tried to allocate 32768 bytes) in D:\httpd\htdocs\erp-hi\app\Models\SEGURIDAD_ERP\Contabilidad\SolicitudEdicion.php on line 526
[05-Mar-2021 13:02:24 America/Mexico_City] PHP Fatal error:  Out of memory (allocated 4194304) (tried to allocate 32768 bytes) in D:\httpd\htdocs\erp-hi\routes\api.php on line 943
[05-Mar-2021 13:02:26 America/Mexico_City] PHP Fatal error:  Out of memory (allocated 2097152) (tried to allocate 65536 bytes) in D:\httpd\htdocs\erp-hi\vendor\psr\http-message\src\StreamInterface.php on line 143
[05-Mar-2021 13:02:26 America/Mexico_City] PHP Fatal error:  Out of memory (allocated 4194304) (tried to allocate 20480 bytes) in D:\httpd\htdocs\erp-hi\vendor\lcobucci\jwt\src\Claim\EqualsTo.php on line 33
[05-Mar-2021 13:14:09 America/Mexico_City] PHP Fatal error:  Out of memory (allocated 2097152) (tried to allocate 65536 bytes) in D:\httpd\htdocs\erp-hi\vendor\laravel\framework\src\Illuminate\Auth\SessionGuard.php on line 764
[05-Mar-2021 13:14:10 America/Mexico_City] PHP Fatal error:  Out of memory (allocated 2097152) (tried to allocate 65536 bytes) in D:\httpd\htdocs\erp-hi\vendor\laravel\framework\src\Illuminate\Auth\SessionGuard.php on line 764
[05-Mar-2021 13:14:17 America/Mexico_City] PHP Fatal error:  Out of memory (allocated 2097152) (tried to allocate 65536 bytes) in D:\httpd\htdocs\erp-hi\vendor\laravel\framework\src\Illuminate\Cookie\CookieJar.php on line 64
[05-Mar-2021 13:14:17 America/Mexico_City] PHP Fatal error:  Out of memory (allocated 2097152) (tried to allocate 65536 bytes) in D:\httpd\htdocs\erp-hi\vendor\psr\http-message\src\StreamInterface.php on line 12
[05-Mar-2021 13:14:29 America/Mexico_City] PHP Fatal error:  Out of memory (allocated 2097152) (tried to allocate 65536 bytes) in D:\httpd\htdocs\erp-hi\vendor\psr\http-message\src\StreamInterface.php on line 115
[05-Mar-2021 13:14:30 America/Mexico_City] PHP Fatal error:  Out of memory (allocated 2097152) (tried to allocate 65536 bytes) in D:\httpd\htdocs\erp-hi\vendor\laravel\framework\src\Illuminate\Cookie\CookieJar.php on line 64
[05-Mar-2021 13:14:34 America/Mexico_City] PHP Fatal error:  Out of memory (allocated 2097152) (tried to allocate 65536 bytes) in D:\httpd\htdocs\erp-hi\vendor\laravel\framework\src\Illuminate\Cookie\Middleware\AddQueuedCookiesToResponse.php on line 23
[05-Mar-2021 13:14:38 America/Mexico_City] PHP Fatal error:  Out of memory (allocated 2097152) (tried to allocate 65536 bytes) in D:\httpd\htdocs\erp-hi\vendor\psr\http-message\src\StreamInterface.php on line 115
[05-Mar-2021 13:14:53 America/Mexico_City] PHP Fatal error:  Out of memory (allocated 2097152) (tried to allocate 65536 bytes) in D:\httpd\htdocs\erp-hi\vendor\laravel\framework\src\Illuminate\Cache\CacheManager.php on line 54
[05-Mar-2021 13:14:53 America/Mexico_City] PHP Fatal error:  Out of memory (allocated 2097152) (tried to allocate 430080 bytes) in D:\httpd\htdocs\erp-hi\vendor\laravel\framework\src\Illuminate\Database\Connection.php on line 332
[05-Mar-2021 13:15:19 America/Mexico_City] PHP Fatal error:  Out of memory (allocated 2097152) (tried to allocate 65536 bytes) in D:\httpd\htdocs\erp-hi\vendor\laravel\framework\src\Illuminate\Log\LogManager.php on line 214
[05-Mar-2021 13:15:28 America/Mexico_City] PHP Fatal error:  Out of memory (allocated 2097152) (tried to allocate 65536 bytes) in D:\httpd\htdocs\erp-hi\vendor\psr\http-message\src\StreamInterface.php on line 115
[05-Mar-2021 13:15:32 America/Mexico_City] PHP Fatal error:  Out of memory (allocated 2097152) (tried to allocate 20480 bytes) in D:\httpd\htdocs\erp-hi\vendor\laravel\framework\src\Illuminate\Auth\SessionGuard.php on line 149
[05-Mar-2021 13:15:32 America/Mexico_City] PHP Fatal error:  Out of memory (allocated 2097152) (tried to allocate 65536 bytes) in D:\httpd\htdocs\erp-hi\app\Models\SEGURIDAD_ERP\TipoAreaSubcontratante.php on line 15
[05-Mar-2021 13:15:34 America/Mexico_City] PHP Fatal error:  Out of memory (allocated 2097152) (tried to allocate 32768 bytes) in D:\httpd\htdocs\erp-hi\vendor\laravel\framework\src\Illuminate\Database\Eloquent\Relations\BelongsToMany.php on line 531
[05-Mar-2021 13:15:50 America/Mexico_City] PHP Fatal error:  Out of memory (allocated 2097152) (tried to allocate 32768 bytes) in D:\httpd\htdocs\erp-hi\vendor\laravel\framework\src\Illuminate\Routing\Middleware\SubstituteBindings.php on line 1
[05-Mar-2021 13:15:50 America/Mexico_City] PHP Fatal error:  Out of memory (allocated 2097152) (tried to allocate 430080 bytes) in D:\httpd\htdocs\erp-hi\vendor\laravel\framework\src\Illuminate\Database\Connection.php on line 332
[05-Mar-2021 13:16:02 America/Mexico_City] PHP Fatal error:  Out of memory (allocated 2097152) (tried to allocate 65536 bytes) in D:\httpd\htdocs\erp-hi\vendor\symfony\psr-http-message-bridge\Factory\DiactorosFactory.php on line 55
[05-Mar-2021 13:16:03 America/Mexico_City] PHP Fatal error:  Out of memory (allocated 2097152) (tried to allocate 65536 bytes) in D:\httpd\htdocs\erp-hi\vendor\laravel\framework\src\Illuminate\Database\Eloquent\Builder.php on line 954
[05-Mar-2021 13:16:03 America/Mexico_City] PHP Fatal error:  Out of memory (allocated 2097152) (tried to allocate 20480 bytes) in D:\httpd\htdocs\erp-hi\vendor\laravel\framework\src\Illuminate\Cache\FileStore.php on line 187
[05-Mar-2021 13:16:15 America/Mexico_City] PHP Fatal error:  Out of memory (allocated 2097152) (tried to allocate 65536 bytes) in D:\httpd\htdocs\erp-hi\vendor\laravel\framework\src\Illuminate\Database\Eloquent\Builder.php on line 954
[05-Mar-2021 13:16:24 America/Mexico_City] PHP Fatal error:  Out of memory (allocated 2097152) (tried to allocate 32768 bytes) in D:\httpd\htdocs\erp-hi\vendor\laravel\framework\src\Illuminate\Routing\Middleware\SubstituteBindings.php on line 1
[05-Mar-2021 13:16:31 America/Mexico_City] PHP Fatal error:  Out of memory (allocated 2097152) (tried to allocate 65536 bytes) in D:\httpd\htdocs\erp-hi\vendor\laravel\framework\src\Illuminate\Validation\Validator.php on line 18
[05-Mar-2021 13:16:31 America/Mexico_City] PHP Fatal error:  Out of memory (allocated 2097152) (tried to allocate 65536 bytes) in D:\httpd\htdocs\erp-hi\vendor\laravel\framework\src\Illuminate\Validation\Validator.php on line 18
[05-Mar-2021 13:16:34 America/Mexico_City] PHP Fatal error:  Out of memory (allocated 2097152) (tried to allocate 32768 bytes) in D:\httpd\htdocs\erp-hi\vendor\laravel\framework\src\Illuminate\Cache\Repository.php on line 453
[05-Mar-2021 13:16:35 America/Mexico_City] PHP Fatal error:  Out of memory (allocated 2097152) (tried to allocate 65536 bytes) in D:\httpd\htdocs\erp-hi\vendor\laravel\framework\src\Illuminate\Database\Query\Grammars\MySqlGrammar.php on line 199
[05-Mar-2021 13:16:46 America/Mexico_City] PHP Fatal error:  Out of memory (allocated 2097152) (tried to allocate 32768 bytes) in D:\httpd\htdocs\erp-hi\vendor\laravel\framework\src\Illuminate\Database\Query\Builder.php on line 2381
[05-Mar-2021 13:45:17 America/Mexico_City] PHP Fatal error:  Out of memory (allocated 285212672) (tried to allocate 20480 bytes) in D:\httpd\htdocs\erp-hi\vendor\laravel\framework\src\Illuminate\Database\Eloquent\Concerns\GuardsAttributes.php on line 188
[05-Mar-2021 13:45:28 America/Mexico_City] PHP Fatal error:  Out of memory (allocated 132120576) (tried to allocate 20480 bytes) in D:\httpd\htdocs\erp-hi\vendor\laravel\framework\src\Illuminate\Database\Connection.php on line 332
[05-Mar-2021 13:56:31 America/Mexico_City] PHP Fatal error:  Out of memory (allocated 547356672) (tried to allocate 20480 bytes) in D:\httpd\htdocs\erp-hi\vendor\laravel\framework\src\Illuminate\Database\Connection.php on line 332
[05-Mar-2021 13:56:42 America/Mexico_City] PHP Fatal error:  Out of memory (allocated 274726912) (tried to allocate 20480 bytes) in D:\httpd\htdocs\erp-hi\vendor\laravel\framework\src\Illuminate\Database\Connection.php on line 332
[05-Mar-2021 14:02:13 America/Mexico_City] PHP Fatal error:  Out of memory (allocated 421527552) (tried to allocate 20480 bytes) in D:\httpd\htdocs\erp-hi\vendor\laravel\framework\src\Illuminate\Database\Eloquent\Concerns\GuardsAttributes.php on line 188
[05-Mar-2021 14:04:32 America/Mexico_City] PHP Fatal error:  Out of memory (allocated 524288000) (tried to allocate 20480 bytes) in D:\httpd\htdocs\erp-hi\vendor\laravel\framework\src\Illuminate\Database\Connection.php on line 332
[05-Mar-2021 14:22:56 America/Mexico_City] PHP Fatal error:  Out of memory (allocated 517996544) (tried to allocate 20480 bytes) in D:\httpd\htdocs\erp-hi\vendor\laravel\framework\src\Illuminate\Database\Connection.php on line 332
[05-Mar-2021 14:23:15 America/Mexico_City] PHP Fatal error:  Out of memory (allocated 260046848) (tried to allocate 20480 bytes) in D:\httpd\htdocs\erp-hi\vendor\laravel\framework\src\Illuminate\Database\Connection.php on line 332
[05-Mar-2021 14:23:36 America/Mexico_City] PHP Fatal error:  Out of memory (allocated 205520896) (tried to allocate 20480 bytes) in D:\httpd\htdocs\erp-hi\vendor\laravel\framework\src\Illuminate\Database\Connection.php on line 332
[25-Mar-2021 11:09:03 America/Mexico_City] PHP Fatal error:  Maximum execution time of 7200 seconds exceeded in D:\httpd\htdocs\erp-hi\vendor\laravel\framework\src\Illuminate\Database\Eloquent\Model.php on line 182
[25-Mar-2021 11:29:21 America/Mexico_City] PHP Fatal error:  Maximum execution time of 7200 seconds exceeded in D:\httpd\htdocs\erp-hi\vendor\laravel\framework\src\Illuminate\Database\Connection.php on line 657
[30-Mar-2021 16:16:08 America/Mexico_City] PHP Fatal error:  Out of memory (allocated 14680064) (tried to allocate 65536 bytes) in D:\httpd\htdocs\erp-hi\app\Models\CADECO\Estimacion.php on line 1109
[30-Mar-2021 16:16:09 America/Mexico_City] PHP Fatal error:  Out of memory (allocated 16777216) (tried to allocate 20480 bytes) in D:\httpd\htdocs\erp-hi\app\Models\CADECO\Sucursal.php on line 49
[30-Mar-2021 16:16:09 America/Mexico_City] PHP Fatal error:  Out of memory (allocated 2097152) (tried to allocate 32768 bytes) in D:\httpd\htdocs\erp-hi\storage\framework\views\20b4d5bc7de0e034de3ebc8ba82d403ec567dcfc.php on line 1
[30-Mar-2021 16:16:10 America/Mexico_City] PHP Fatal error:  Out of memory (allocated 18874368) (tried to allocate 32768 bytes) in D:\httpd\htdocs\erp-hi\routes\api.php on line 317
[30-Mar-2021 16:16:11 America/Mexico_City] PHP Fatal error:  Out of memory (allocated 2097152) (tried to allocate 16384 bytes) in D:\httpd\htdocs\erp-hi\vendor\laravel\framework\src\Illuminate\Database\Connection.php on line 330
[30-Mar-2021 16:16:14 America/Mexico_City] PHP Fatal error:  Out of memory (allocated 2097152) (tried to allocate 20480 bytes) in D:\httpd\htdocs\erp-hi\app\Models\CADECO\SubcontratosFG\RetencionFondoGarantia.php on line 61
[30-Mar-2021 16:16:15 America/Mexico_City] PHP Fatal error:  Out of memory (allocated 25165824) (tried to allocate 20480 bytes) in D:\httpd\htdocs\erp-hi\vendor\laravel\framework\src\Illuminate\Database\Eloquent\Collection.php on line 235
[30-Mar-2021 16:16:21 America/Mexico_City] PHP Fatal error:  Out of memory (allocated 2097152) (tried to allocate 20480 bytes) in D:\httpd\htdocs\erp-hi\vendor\laravel\framework\src\Illuminate\Database\Connection.php on line 332
[30-Mar-2021 16:16:21 America/Mexico_City] PHP Fatal error:  Out of memory (allocated 14680064) (tried to allocate 20480 bytes) in D:\httpd\htdocs\erp-hi\vendor\laravel\framework\src\Illuminate\Database\Eloquent\Collection.php on line 235
[30-Mar-2021 16:16:22 America/Mexico_City] PHP Fatal error:  Out of memory (allocated 2097152) (tried to allocate 20480 bytes) in D:\httpd\htdocs\erp-hi\vendor\laravel\framework\src\Illuminate\Database\Eloquent\Collection.php on line 272
[30-Mar-2021 16:16:22 America/Mexico_City] PHP Fatal error:  Out of memory (allocated 8388608) (tried to allocate 4096 bytes) in D:\httpd\htdocs\erp-hi\vendor\laravel\framework\src\Illuminate\Database\Connectors\MySqlConnector.php on line 155
[30-Mar-2021 16:16:26 America/Mexico_City] PHP Fatal error:  Out of memory (allocated 6291456) (tried to allocate 32768 bytes) in D:\httpd\htdocs\erp-hi\vendor\symfony\http-foundation\ResponseHeaderBag.php on line 1
[30-Mar-2021 16:16:27 America/Mexico_City] PHP Fatal error:  Out of memory (allocated 2097152) (tried to allocate 589824 bytes) in D:\httpd\htdocs\erp-hi\vendor\symfony\http-foundation\Response.php on line 66
[30-Mar-2021 16:16:30 America/Mexico_City] PHP Fatal error:  Out of memory (allocated 2097152) (tried to allocate 20480 bytes) in D:\httpd\htdocs\erp-hi\vendor\laravel\framework\src\Illuminate\Support\Carbon.php on line 10
[30-Mar-2021 16:16:31 America/Mexico_City] PHP Fatal error:  Out of memory (allocated 2097152) (tried to allocate 65536 bytes) in D:\httpd\htdocs\erp-hi\vendor\laravel\framework\src\Illuminate\Notifications\Notifiable.php on line 5
[30-Mar-2021 16:16:31 America/Mexico_City] PHP Fatal error:  Out of memory (allocated 2097152) (tried to allocate 65536 bytes) in D:\httpd\htdocs\erp-hi\vendor\laravel\framework\src\Illuminate\Notifications\Notifiable.php on line 5
[30-Mar-2021 16:16:31 America/Mexico_City] PHP Fatal error:  Out of memory (allocated 4194304) (tried to allocate 32768 bytes) in D:\httpd\htdocs\erp-hi\vendor\symfony\http-foundation\ResponseHeaderBag.php on line 1
[30-Mar-2021 16:16:35 America/Mexico_City] PHP Fatal error:  Out of memory (allocated 2097152) (tried to allocate 20480 bytes) in D:\httpd\htdocs\erp-hi\app\Models\CADECO\Compras\SolicitudComplemento.php on line 143
[30-Mar-2021 16:16:35 America/Mexico_City] PHP Fatal error:  Out of memory (allocated 2097152) (tried to allocate 589824 bytes) in D:\httpd\htdocs\erp-hi\vendor\symfony\http-foundation\Response.php on line 66
[30-Mar-2021 16:16:35 America/Mexico_City] PHP Fatal error:  Out of memory (allocated 6291456) (tried to allocate 20480 bytes) in D:\httpd\htdocs\erp-hi\app\Models\CADECO\SubcontratosFG\RetencionFondoGarantia.php on line 61
[30-Mar-2021 16:16:35 America/Mexico_City] PHP Fatal error:  Out of memory (allocated 2097152) (tried to allocate 589824 bytes) in D:\httpd\htdocs\erp-hi\vendor\symfony\http-foundation\Response.php on line 66
[30-Mar-2021 16:16:36 America/Mexico_City] PHP Fatal error:  Out of memory (allocated 8388608) (tried to allocate 20480 bytes) in D:\httpd\htdocs\erp-hi\app\Models\CADECO\Sucursal.php on line 41
[30-Mar-2021 16:16:36 America/Mexico_City] PHP Fatal error:  Out of memory (allocated 2097152) (tried to allocate 20480 bytes) in D:\httpd\htdocs\erp-hi\app\Models\CADECO\SubcontratosFG\RetencionFondoGarantia.php on line 61
[30-Mar-2021 16:16:37 America/Mexico_City] PHP Fatal error:  Out of memory (allocated 2097152) (tried to allocate 20480 bytes) in D:\httpd\htdocs\erp-hi\app\Models\CADECO\SubcontratosFG\SolicitudMovimientoFondoGarantia.php on line 297
[30-Mar-2021 16:17:29 America/Mexico_City] PHP Fatal error:  Out of memory (allocated 14680064) (tried to allocate 65536 bytes) in D:\httpd\htdocs\erp-hi\vendor\laravel\framework\src\Illuminate\Auth\Middleware\Authenticate.php on line 63
[30-Mar-2021 16:17:41 America/Mexico_City] PHP Fatal error:  Out of memory (allocated 2097152) (tried to allocate 65536 bytes) in D:\httpd\htdocs\erp-hi\vendor\laravel\passport\src\Client.php on line 91
[30-Mar-2021 16:17:49 America/Mexico_City] PHP Fatal error:  Out of memory (allocated 2097152) (tried to allocate 8192 bytes) in D:\httpd\htdocs\erp-hi\vendor\defuse\php-encryption\src\Crypto.php on line 427
[30-Mar-2021 16:18:25 America/Mexico_City] PHP Fatal error:  Out of memory (allocated 2097152) (tried to allocate 20480 bytes) in D:\httpd\htdocs\erp-hi\vendor\laravel\framework\src\Illuminate\Auth\SessionGuard.php on line 149
[30-Mar-2021 16:21:11 America/Mexico_City] PHP Fatal error:  Out of memory (allocated 39845888) (tried to allocate 20480 bytes) in D:\httpd\htdocs\erp-hi\vendor\laravel\framework\src\Illuminate\Database\Eloquent\Concerns\HasRelationships.php on line 554
[30-Mar-2021 16:57:48 America/Mexico_City] PHP Fatal error:  Out of memory (allocated 2097152) (tried to allocate 32768 bytes) in D:\httpd\htdocs\erp-hi\storage\framework\views\20b4d5bc7de0e034de3ebc8ba82d403ec567dcfc.php on line 1
[30-Mar-2021 16:57:50 America/Mexico_City] PHP Fatal error:  Out of memory (allocated 2097152) (tried to allocate 32768 bytes) in D:\httpd\htdocs\erp-hi\storage\framework\views\20b4d5bc7de0e034de3ebc8ba82d403ec567dcfc.php on line 1
[30-Mar-2021 16:57:52 America/Mexico_City] PHP Fatal error:  Out of memory (allocated 2097152) (tried to allocate 32768 bytes) in D:\httpd\htdocs\erp-hi\storage\framework\views\20b4d5bc7de0e034de3ebc8ba82d403ec567dcfc.php on line 1
[30-Mar-2021 16:57:55 America/Mexico_City] PHP Fatal error:  Out of memory (allocated 2097152) (tried to allocate 32768 bytes) in D:\httpd\htdocs\erp-hi\storage\framework\views\20b4d5bc7de0e034de3ebc8ba82d403ec567dcfc.php on line 1
[30-Mar-2021 16:57:59 America/Mexico_City] PHP Fatal error:  Out of memory (allocated 2097152) (tried to allocate 32768 bytes) in D:\httpd\htdocs\erp-hi\storage\framework\views\20b4d5bc7de0e034de3ebc8ba82d403ec567dcfc.php on line 1
[30-Mar-2021 16:58:03 America/Mexico_City] PHP Fatal error:  Out of memory (allocated 2097152) (tried to allocate 32768 bytes) in D:\httpd\htdocs\erp-hi\storage\framework\views\20b4d5bc7de0e034de3ebc8ba82d403ec567dcfc.php on line 1
[30-Mar-2021 16:58:17 America/Mexico_City] PHP Fatal error:  Out of memory (allocated 2097152) (tried to allocate 20480 bytes) in D:\httpd\htdocs\erp-hi\vendor\laravel\framework\src\Illuminate\Routing\RouteUrlGenerator.php on line 110
[30-Mar-2021 16:58:18 America/Mexico_City] PHP Fatal error:  Out of memory (allocated 2097152) (tried to allocate 20480 bytes) in D:\httpd\htdocs\erp-hi\vendor\laravel\framework\src\Illuminate\Routing\RouteUrlGenerator.php on line 110
[30-Mar-2021 16:58:44 America/Mexico_City] PHP Fatal error:  Out of memory (allocated 2097152) (tried to allocate 32768 bytes) in D:\httpd\htdocs\erp-hi\storage\framework\views\20b4d5bc7de0e034de3ebc8ba82d403ec567dcfc.php on line 1
[30-Mar-2021 16:58:47 America/Mexico_City] PHP Fatal error:  Out of memory (allocated 2097152) (tried to allocate 32768 bytes) in D:\httpd\htdocs\erp-hi\storage\framework\views\20b4d5bc7de0e034de3ebc8ba82d403ec567dcfc.php on line 1
[30-Mar-2021 16:58:54 America/Mexico_City] PHP Fatal error:  Out of memory (allocated 2097152) (tried to allocate 32768 bytes) in D:\httpd\htdocs\erp-hi\storage\framework\views\20b4d5bc7de0e034de3ebc8ba82d403ec567dcfc.php on line 1
[30-Mar-2021 16:59:55 America/Mexico_City] PHP Fatal error:  Out of memory (allocated 2097152) (tried to allocate 32768 bytes) in D:\httpd\htdocs\erp-hi\storage\framework\views\20b4d5bc7de0e034de3ebc8ba82d403ec567dcfc.php on line 1
[30-Mar-2021 17:00:05 America/Mexico_City] PHP Fatal error:  Out of memory (allocated 2097152) (tried to allocate 65536 bytes) in D:\httpd\htdocs\erp-hi\vendor\laravel\passport\src\Bridge\FormatsScopesForStorage.php on line 26
[30-Mar-2021 17:00:17 America/Mexico_City] PHP Fatal error:  Out of memory (allocated 2097152) (tried to allocate 8192 bytes) in D:\httpd\htdocs\erp-hi\vendor\laravel\framework\src\Illuminate\Database\Eloquent\Builder.php on line 1256
[30-Mar-2021 17:00:25 America/Mexico_City] PHP Fatal error:  Out of memory (allocated 2097152) (tried to allocate 65536 bytes) in D:\httpd\htdocs\erp-hi\vendor\laravel\passport\src\TokenRepository.php on line 7
[30-Mar-2021 17:00:25 America/Mexico_City] PHP Fatal error:  Out of memory (allocated 4194304) (tried to allocate 32768 bytes) in D:\httpd\htdocs\erp-hi\vendor\laravel\framework\src\Illuminate\Database\Eloquent\Relations\BelongsToMany.php on line 931
[30-Mar-2021 17:00:31 America/Mexico_City] PHP Fatal error:  Out of memory (allocated 4194304) (tried to allocate 32768 bytes) in D:\httpd\htdocs\erp-hi\vendor\laravel\framework\src\Illuminate\Database\Eloquent\Relations\BelongsToMany.php on line 931
[30-Mar-2021 17:00:44 America/Mexico_City] PHP Fatal error:  Out of memory (allocated 2097152) (tried to allocate 65536 bytes) in D:\httpd\htdocs\erp-hi\vendor\laravel\framework\src\Illuminate\Database\Grammar.php on line 175
[30-Mar-2021 17:05:44 America/Mexico_City] PHP Fatal error:  Out of memory (allocated 48234496) (tried to allocate 532480 bytes) in D:\httpd\htdocs\erp-hi\vendor\laravel\framework\src\Illuminate\Http\JsonResponse.php on line 71
[21-Apr-2021 13:01:54 America/Mexico_City] PHP Fatal error:  Maximum execution time of 7200 seconds exceeded in D:\httpd\htdocs\erp-hi\app\Services\SEGURIDAD_ERP\Contabilidad\CFDSATService.php on line 470
[10-May-2021 16:38:21 America/Mexico_City] PHP Fatal error:  Maximum execution time of 7200 seconds exceeded in D:\httpd\htdocs\erp-hi\app\Services\SEGURIDAD_ERP\Contabilidad\CFDSATService.php on line 471
[25-May-2021 13:10:39 America/Mexico_City] PHP Fatal error:  Maximum execution time of 7200 seconds exceeded in D:\httpd\htdocs\erp-hi\app\Services\SEGURIDAD_ERP\Contabilidad\CFDSATService.php on line 478
[04-Jun-2021 13:08:10 America/Mexico_City] PHP Fatal error:  Maximum execution time of 7200 seconds exceeded in D:\httpd\htdocs\erp-hi\app\Services\SEGURIDAD_ERP\Contabilidad\CFDSATService.php on line 478
[22-Jun-2021 14:19:21 America/Mexico_City] PHP Fatal error:  Maximum execution time of 7200 seconds exceeded in D:\httpd\htdocs\erp-hi\app\Services\SEGURIDAD_ERP\Contabilidad\CFDSATService.php on line 478
[23-Jun-2021 13:54:32 America/Mexico_City] PHP Fatal error:  Maximum execution time of 7200 seconds exceeded in D:\httpd\htdocs\erp-hi\app\Services\SEGURIDAD_ERP\Contabilidad\CFDSATService.php on line 479
[01-Jul-2021 20:22:24 America/Mexico_City] PHP Fatal error:  Maximum execution time of 7200 seconds exceeded in D:\httpd\htdocs\erp-hi\app\Services\SEGURIDAD_ERP\Contabilidad\CFDSATService.php on line 495
[04-Aug-2021 20:22:28 America/Mexico_City] PHP Fatal error:  Maximum execution time of 7200 seconds exceeded in D:\httpd\htdocs\erp-hi\app\Services\SEGURIDAD_ERP\Contabilidad\CFDSATService.php on line 496
[15-Sep-2021 15:38:08 America/Mexico_City] PHP Fatal error:  Maximum execution time of 7200 seconds exceeded in D:\httpd\htdocs\erp-hi\app\Services\SEGURIDAD_ERP\Contabilidad\CFDSATService.php on line 496
[29-Dec-2021 14:39:23 America/Mexico_City] PHP Fatal error:  Maximum execution time of 7200 seconds exceeded in D:\httpd\htdocs\erp-hi\app\Services\SEGURIDAD_ERP\Contabilidad\CFDSATService.php on line 528
[04-Mar-2022 03:57:22 UTC] PHP Warning:  include(D:\httpd\htdocs\erp-hi\vendor\laravel\framework\src\Illuminate\Container\Container.php): failed to open stream: No such file or directory in D:\httpd\htdocs\erp-hi\vendor\composer\ClassLoader.php on line 444
[04-Mar-2022 03:57:22 UTC] PHP Warning:  include(): Failed opening 'D:\httpd\htdocs\erp-hi\vendor\composer/../laravel/framework/src/Illuminate/Container/Container.php' for inclusion (include_path='.;C:\php\pear') in D:\httpd\htdocs\erp-hi\vendor\composer\ClassLoader.php on line 444
[04-Mar-2022 03:57:22 UTC] PHP Fatal error:  Class 'Illuminate\Container\Container' not found in D:\httpd\htdocs\erp-hi\vendor\laravel\framework\src\Illuminate\Foundation\Application.php on line 25
[04-Mar-2022 03:57:23 UTC] PHP Warning:  require(D:\httpd\htdocs\erp-hi\vendor\phpseclib\phpseclib\phpseclib\bootstrap.php): failed to open stream: No such file or directory in D:\httpd\htdocs\erp-hi\vendor\composer\autoload_real.php on line 66
[04-Mar-2022 03:57:27 UTC] PHP Fatal error:  require(): Failed opening required 'D:\httpd\htdocs\erp-hi\vendor\composer/../phpseclib/phpseclib/phpseclib/bootstrap.php' (include_path='.;C:\php\pear') in D:\httpd\htdocs\erp-hi\vendor\composer\autoload_real.php on line 66
[04-Mar-2022 03:57:28 UTC] PHP Warning:  require(D:\httpd\htdocs\erp-hi\vendor\phpseclib\phpseclib\phpseclib\bootstrap.php): failed to open stream: No such file or directory in D:\httpd\htdocs\erp-hi\vendor\composer\autoload_real.php on line 66
[04-Mar-2022 03:57:28 UTC] PHP Fatal error:  require(): Failed opening required 'D:\httpd\htdocs\erp-hi\vendor\composer/../phpseclib/phpseclib/phpseclib/bootstrap.php' (include_path='.;C:\php\pear') in D:\httpd\htdocs\erp-hi\vendor\composer\autoload_real.php on line 66
[04-Mar-2022 03:57:29 UTC] PHP Warning:  require(D:\httpd\htdocs\erp-hi\vendor\markbaker\complex\classes\src\functions\abs.php): failed to open stream: No such file or directory in D:\httpd\htdocs\erp-hi\vendor\composer\autoload_real.php on line 66
[04-Mar-2022 03:57:29 UTC] PHP Fatal error:  require(): Failed opening required 'D:\httpd\htdocs\erp-hi\vendor\composer/../markbaker/complex/classes/src/functions/abs.php' (include_path='.;C:\php\pear') in D:\httpd\htdocs\erp-hi\vendor\composer\autoload_real.php on line 66
[04-Mar-2022 03:57:30 UTC] PHP Warning:  require(D:\httpd\htdocs\erp-hi\vendor\markbaker\complex\classes\src\functions\abs.php): failed to open stream: No such file or directory in D:\httpd\htdocs\erp-hi\vendor\composer\autoload_real.php on line 66
[04-Mar-2022 03:57:30 UTC] PHP Fatal error:  require(): Failed opening required 'D:\httpd\htdocs\erp-hi\vendor\composer/../markbaker/complex/classes/src/functions/abs.php' (include_path='.;C:\php\pear') in D:\httpd\htdocs\erp-hi\vendor\composer\autoload_real.php on line 66
[04-Mar-2022 03:57:55 UTC] PHP Warning:  require(D:\httpd\htdocs\erp-hi\vendor\symfony\polyfill-php56\bootstrap.php): failed to open stream: No such file or directory in D:\httpd\htdocs\erp-hi\vendor\composer\autoload_real.php on line 66
[04-Mar-2022 03:57:55 UTC] PHP Fatal error:  require(): Failed opening required 'D:\httpd\htdocs\erp-hi\vendor\composer/../symfony/polyfill-php56/bootstrap.php' (include_path='.;C:\php\pear') in D:\httpd\htdocs\erp-hi\vendor\composer\autoload_real.php on line 66
[04-Mar-2022 03:57:57 UTC] PHP Warning:  require(D:\httpd\htdocs\erp-hi\vendor\symfony\polyfill-php56\bootstrap.php): failed to open stream: No such file or directory in D:\httpd\htdocs\erp-hi\vendor\composer\autoload_real.php on line 66
[04-Mar-2022 03:57:57 UTC] PHP Fatal error:  require(): Failed opening required 'D:\httpd\htdocs\erp-hi\vendor\composer/../symfony/polyfill-php56/bootstrap.php' (include_path='.;C:\php\pear') in D:\httpd\htdocs\erp-hi\vendor\composer\autoload_real.php on line 66
[25-Mar-2022 20:06:42 America/Mexico_City] PHP Fatal error:  Out of memory (allocated 7415529472) (tried to allocate 2486728 bytes) in D:\httpd\htdocs\erp-hi\app\Utils\CFD.php on line 65
[25-Mar-2022 20:06:52 America/Mexico_City] PHP Fatal error:  Out of memory (allocated 2097152) (tried to allocate 32768 bytes) in D:\httpd\htdocs\erp-hi\vendor\laravel\framework\src\Illuminate\Database\Eloquent\Relations\HasManyThrough.php on line 467
[25-Mar-2022 20:06:52 America/Mexico_City] PHP Fatal error:  Out of memory (allocated 2097152) (tried to allocate 20480 bytes) in D:\httpd\htdocs\erp-hi\app\Models\SEGURIDAD_ERP\PermisoRol.php on line 19
[25-Mar-2022 20:06:52 America/Mexico_City] PHP Fatal error:  Out of memory (allocated 2097152) (tried to allocate 20480 bytes) in D:\httpd\htdocs\erp-hi\vendor\laravel\framework\src\Illuminate\Database\Eloquent\Relations\Pivot.php on line 8
[25-Mar-2022 20:06:52 America/Mexico_City] PHP Fatal error:  Out of memory (allocated 5129633792) (tried to allocate 2486728 bytes) in D:\httpd\htdocs\erp-hi\app\Utils\CFD.php on line 65
[13-Oct-2022 17:56:33 America/Mexico_City] PHP Fatal error:  Out of memory (allocated 268435456) (tried to allocate 20480 bytes) in D:\httpd\htdocs\erp-hi\vendor\laravel\framework\src\Illuminate\Database\Eloquent\Concerns\GuardsAttributes.php on line 188
[13-Oct-2022 17:56:33 America/Mexico_City] PHP Fatal error:  Out of memory (allocated 285212672) (tried to allocate 20480 bytes) in D:\httpd\htdocs\erp-hi\vendor\laravel\framework\src\Illuminate\Database\Eloquent\Concerns\GuardsAttributes.php on line 188
[13-Oct-2022 17:56:33 America/Mexico_City] PHP Fatal error:  Out of memory (allocated 281018368) (tried to allocate 20480 bytes) in D:\httpd\htdocs\erp-hi\vendor\laravel\framework\src\Illuminate\Database\Eloquent\Concerns\GuardsAttributes.php on line 188
[13-Oct-2022 17:56:33 America/Mexico_City] PHP Fatal error:  Out of memory (allocated 257949696) (tried to allocate 20480 bytes) in D:\httpd\htdocs\erp-hi\vendor\laravel\framework\src\Illuminate\Database\Eloquent\Concerns\GuardsAttributes.php on line 188
[09-Feb-2023 12:16:57 America/Mexico_City] PHP Warning:  Uncaught ErrorException: require(D:\httpd\htdocs\erp-hi\routes\api.php): failed to open stream: No such file or directory in D:\httpd\htdocs\erp-hi\vendor\laravel\framework\src\Illuminate\Routing\Router.php:417
Stack trace:
#0 D:\httpd\htdocs\erp-hi\vendor\laravel\framework\src\Illuminate\Routing\Router.php(417): Illuminate\Foundation\Bootstrap\HandleExceptions->handleError(2, 'require(D:\\http...', 'D:\\httpd\\htdocs...', 417, Array)
#1 D:\httpd\htdocs\erp-hi\vendor\laravel\framework\src\Illuminate\Routing\Router.php(417): require()
#2 D:\httpd\htdocs\erp-hi\vendor\laravel\framework\src\Illuminate\Routing\Router.php(373): Illuminate\Routing\Router->loadRoutes('D:\\httpd\\htdocs...')
#3 D:\httpd\htdocs\erp-hi\vendor\laravel\framework\src\Illuminate\Routing\RouteRegistrar.php(121): Illuminate\Routing\Router->group(Array, 'D:\\httpd\\htdocs...')
#4 D:\httpd\htdocs\erp-hi\app\Providers\RouteServiceProvider.php(73): Illuminate\Routing\RouteRegistrar->group('D:\\httpd\\htdocs...')
#5 D:\httpd\htdocs\erp-hi\app\Pro in D:\httpd\htdocs\erp-hi\vendor\laravel\framework\src\Illuminate\Routing\Router.php on line 417
[09-Feb-2023 12:16:57 America/Mexico_City] PHP Fatal error:  Illuminate\Routing\Router::loadRoutes(): Failed opening required 'D:\httpd\htdocs\erp-hi\routes/api.php' (include_path='.;C:\php\pear') in D:\httpd\htdocs\erp-hi\vendor\laravel\framework\src\Illuminate\Routing\Router.php on line 417
[08-Mar-2023 12:07:53 America/Mexico_City] PHP Fatal error:  Maximum execution time of 7200 seconds exceeded in D:\httpd\htdocs\erp-hi\vendor\laravel\framework\src\Illuminate\Database\Connection.php on line 332
[09-Mar-2023 23:22:08 America/Mexico_City] PHP Fatal error:  Maximum execution time of 7200 seconds exceeded in D:\httpd\htdocs\erp-hi\vendor\phpoffice\phpspreadsheet\src\PhpSpreadsheet\Writer\Xlsx\Worksheet.php on line 1017
[24-Mar-2023 19:17:43 America/Mexico_City] PHP Fatal error:  Maximum execution time of 7200 seconds exceeded in D:\httpd\htdocs\erp-hi\vendor\laravel\framework\src\Illuminate\Database\Connection.php on line 485
[24-Mar-2023 23:13:08 America/Mexico_City] PHP Fatal error:  Maximum execution time of 7200 seconds exceeded in D:\httpd\htdocs\erp-hi\vendor\laravel\framework\src\Illuminate\Database\Connection.php on line 485
[25-Mar-2023 00:00:52 America/Mexico_City] PHP Fatal error:  Maximum execution time of 7200 seconds exceeded in D:\httpd\htdocs\erp-hi\vendor\laravel\framework\src\Illuminate\Database\Connection.php on line 485
[25-Mar-2023 00:47:14 America/Mexico_City] PHP Fatal error:  Maximum execution time of 7200 seconds exceeded in D:\httpd\htdocs\erp-hi\vendor\laravel\framework\src\Illuminate\Database\Connection.php on line 485
[29-May-2023 04:30:27 America/Mexico_City] PHP Fatal error:  Maximum execution time of 7200 seconds exceeded in D:\httpd\htdocs\erp-hi\vendor\phpoffice\phpspreadsheet\src\PhpSpreadsheet\Writer\Xlsx\Worksheet.php on line 1170
[29-May-2023 04:40:33 America/Mexico_City] PHP Fatal error:  Maximum execution time of 7200 seconds exceeded in D:\httpd\htdocs\erp-hi\vendor\phpoffice\phpspreadsheet\src\PhpSpreadsheet\Writer\Xlsx\Worksheet.php on line 1170
[29-May-2023 04:41:31 America/Mexico_City] PHP Fatal error:  Maximum execution time of 7200 seconds exceeded in D:\httpd\htdocs\erp-hi\vendor\phpoffice\phpspreadsheet\src\PhpSpreadsheet\Writer\Xlsx\Worksheet.php on line 460
[29-May-2023 12:56:57 America/Mexico_City] PHP Fatal error:  Maximum execution time of 7200 seconds exceeded in D:\httpd\htdocs\erp-hi\vendor\phpoffice\phpspreadsheet\src\PhpSpreadsheet\Writer\Xlsx\Worksheet.php on line 1170
[29-May-2023 13:28:53 America/Mexico_City] PHP Fatal error:  Maximum execution time of 7200 seconds exceeded in D:\httpd\htdocs\erp-hi\vendor\phpoffice\phpspreadsheet\src\PhpSpreadsheet\Writer\Xlsx\Worksheet.php on line 1170
[29-May-2023 18:11:32 America/Mexico_City] PHP Fatal error:  Maximum execution time of 7200 seconds exceeded in D:\httpd\htdocs\erp-hi\vendor\phpoffice\phpspreadsheet\src\PhpSpreadsheet\Collection\Cells.php on line 456
[29-May-2023 18:26:43 America/Mexico_City] PHP Fatal error:  Maximum execution time of 7200 seconds exceeded in D:\httpd\htdocs\erp-hi\vendor\phpoffice\phpspreadsheet\src\PhpSpreadsheet\Collection\Cells.php on line 456
[29-May-2023 18:28:17 America/Mexico_City] PHP Fatal error:  Maximum execution time of 7200 seconds exceeded in D:\httpd\htdocs\erp-hi\vendor\phpoffice\phpspreadsheet\src\PhpSpreadsheet\Writer\Xlsx\Worksheet.php on line 1170
[23-Jan-2024 15:53:50 America/Mexico_City] PHP Fatal error:  Maximum execution time of 7200 seconds exceeded in D:\httpd\htdocs\erp-hi\app\Services\SEGURIDAD_ERP\Contabilidad\CFDISATNominaService.php on line 503
